<?xml version="1.0" encoding="UTF-8"?>
<!-- Generated by org.testng.reporters.JUnitReportReporter -->
<testsuite hostname="LTIN192876" failures="0" tests="21" name="TestCases.MainTestClass" time="94.839" errors="0" timestamp="2024-03-07T14:41:36 IST" skipped="0">
  <testcase classname="TestCases.MainTestClass" name="courseSearch" time="13.371"/>
  <system-out/>
  <testcase classname="TestCases.MainTestClass" name="pageInfo" time="5.240"/>
  <system-out/>
  <testcase classname="TestCases.MainTestClass" name="languageFilter" time="0.396"/>
  <system-out/>
  <testcase classname="TestCases.MainTestClass" name="levelFilter" time="0.264"/>
  <system-out/>
  <testcase classname="TestCases.MainTestClass" name="courseResult" time="9.355"/>
  <system-out/>
  <testcase classname="TestCases.MainTestClass" name="courseRating" time="4.076"/>
  <system-out/>
  <testcase classname="TestCases.MainTestClass" name="courseDuration" time="5.073"/>
  <system-out/>
  <testcase classname="TestCases.MainTestClass" name="clearInput" time="3.125"/>
  <system-out/>
  <testcase classname="TestCases.MainTestClass" name="SendInput" time="10.487"/>
  <system-out/>
  <testcase classname="TestCases.MainTestClass" name="LanguageFilter" time="1.389"/>
  <system-out/>
  <testcase classname="TestCases.MainTestClass" name="LanguageResult" time="1.050"/>
  <system-out/>
  <testcase classname="TestCases.MainTestClass" name="ClickShowMore" time="3.238"/>
  <system-out/>
  <testcase classname="TestCases.MainTestClass" name="languagecount" time="0.000"/>
  <system-out/>
  <testcase classname="TestCases.MainTestClass" name="languagelist" time="9.115"/>
  <system-out/>
  <testcase classname="TestCases.MainTestClass" name="languageLevellist" time="0.461"/>
  <system-out/>
  <testcase classname="TestCases.MainTestClass" name="navigateHome" time="8.931"/>
  <system-out/>
  <testcase classname="TestCases.MainTestClass" name="navigateIndustry" time="10.317"/>
  <system-out/>
  <testcase classname="TestCases.MainTestClass" name="Scroll" time="3.067"/>
  <system-out/>
  <testcase classname="TestCases.MainTestClass" name="FillFormDetails" time="3.768"/>
  <system-out/>
  <testcase classname="TestCases.MainTestClass" name="SubmitForm" time="1.064"/>
  <system-out/>
  <testcase classname="TestCases.MainTestClass" name="GetErrorMsg" time="1.052"/>
  <system-out/>
</testsuite> <!-- TestCases.MainTestClass -->
